000 (2143.000.000) 2023-03-05 17:19:32 Job submitted from host: <10.87.24.181:9618?addrs=10.87.24.181-9618&alias=bornholm.esat.kuleuven.be&noUDP&sock=schedd_2741_ad2e>
...
001 (2143.000.000) 2023-03-05 17:19:33 Job executing on host: <10.87.24.133:9618?addrs=10.87.24.133-9618+[--1]-9618&alias=ansuz.esat.kuleuven.be&noUDP&sock=startd_5575_9094>
...
006 (2143.000.000) 2023-03-05 17:19:42 Image size of job updated: 4064156
	2  -  MemoryUsage of job (MB)
	1596  -  ResidentSetSize of job (KB)
...
005 (2143.000.000) 2023-03-05 20:56:16 Job terminated.
	(1) Normal termination (return value 0)
		Usr 0 00:01:44, Sys 0 00:01:23  -  Run Remote Usage
		Usr 0 00:00:00, Sys 0 00:00:00  -  Run Local Usage
		Usr 0 00:01:44, Sys 0 00:01:23  -  Total Remote Usage
		Usr 0 00:00:00, Sys 0 00:00:00  -  Total Local Usage
	0  -  Run Bytes Sent By Job
	0  -  Run Bytes Received By Job
	0  -  Total Bytes Sent By Job
	0  -  Total Bytes Received By Job
	Partitionable Resources :        Usage  Request Allocated Assigned
	   Cpus                 :         1.00        4         4 
	   Disk (KB)            :     17500     1048576   9204874 
	   Gpus (Average)       : 130983708.31        1         1 "CUDA0"
	   GpusMemory (MB)      :     12283                       
	   Memory (MB)          :         2        8192      8192 

	Job terminated of its own accord at 2023-03-05T19:56:16Z with exit-code 0.
...
