000 (2144.000.000) 2023-03-05 17:28:21 Job submitted from host: <10.87.24.181:9618?addrs=10.87.24.181-9618&alias=bornholm.esat.kuleuven.be&noUDP&sock=schedd_2741_ad2e>
...
001 (2144.000.000) 2023-03-05 17:28:35 Job executing on host: <10.87.24.56:9618?addrs=10.87.24.56-9618&alias=gauss.esat.kuleuven.be&noUDP&sock=startd_1866_7fd0>
...
006 (2144.000.000) 2023-03-05 17:28:43 Image size of job updated: 17500
	0  -  MemoryUsage of job (MB)
	0  -  ResidentSetSize of job (KB)
...
006 (2144.000.000) 2023-03-05 17:36:05 Image size of job updated: 17500
	1  -  MemoryUsage of job (MB)
	8  -  ResidentSetSize of job (KB)
...
005 (2144.000.000) 2023-03-05 17:36:05 Job terminated.
	(1) Normal termination (return value 1)
		Usr 0 00:00:00, Sys 0 00:00:00  -  Run Remote Usage
		Usr 0 00:00:00, Sys 0 00:00:00  -  Run Local Usage
		Usr 0 00:00:00, Sys 0 00:00:00  -  Total Remote Usage
		Usr 0 00:00:00, Sys 0 00:00:00  -  Total Local Usage
	0  -  Run Bytes Sent By Job
	0  -  Run Bytes Received By Job
	0  -  Total Bytes Sent By Job
	0  -  Total Bytes Received By Job
	Partitionable Resources :    Usage  Request Allocated Assigned
	   Cpus                 :     0.49        4         4 
	   Disk (KB)            : 17500     1048576   7358701 
	   Gpus (Average)       :     0           1         1 "CUDA0"
	   GpusMemory (MB)      :   545                       
	   Memory (MB)          :     1        8192      8192 

	Job terminated of its own accord at 2023-03-05T16:36:05Z with exit-code 1.
...
000 (2145.000.000) 2023-03-05 17:39:22 Job submitted from host: <10.87.24.181:9618?addrs=10.87.24.181-9618&alias=bornholm.esat.kuleuven.be&noUDP&sock=schedd_2741_ad2e>
...
001 (2145.000.000) 2023-03-05 17:39:24 Job executing on host: <10.87.24.56:9618?addrs=10.87.24.56-9618&alias=gauss.esat.kuleuven.be&noUDP&sock=startd_1866_7fd0>
...
006 (2145.000.000) 2023-03-05 17:39:32 Image size of job updated: 17500
	0  -  MemoryUsage of job (MB)
	0  -  ResidentSetSize of job (KB)
...
006 (2145.000.000) 2023-03-06 05:39:50 Image size of job updated: 17500
	1  -  MemoryUsage of job (MB)
	8  -  ResidentSetSize of job (KB)
...
009 (2145.000.000) 2023-03-06 05:39:50 Job was aborted.
	The system macro SYSTEM_PERIODIC_REMOVE expression '(JobStatus == 5 && CurrentTime - EnteredCurrentStatus > 3600 * 24 * 30) || (JobStatus == 4 && CurrentTime - EnteredCurrentStatus > 3600 * 24 * 30) || (JobStatus == 1 && CurrentTime - EnteredCurrentStatus > 3600 * 24 * 90) || (JobStatus == 2 && (ProportionalSetSizeKb > (1024 * My.RequestMemory))) || (JobStatus == 2 && ((RemoteWallClockTime - CumulativeSuspensionTime) > My.RequestWalltime))' evaluated to TRUE
...
