000 (2178.000.000) 2023-03-10 15:57:11 Job submitted from host: <10.87.24.181:9618?addrs=10.87.24.181-9618&alias=bornholm.esat.kuleuven.be&noUDP&sock=schedd_2713_7887>
...
001 (2178.000.000) 2023-03-10 15:57:24 Job executing on host: <10.87.24.140:9618?addrs=10.87.24.140-9618&alias=hawberry.esat.kuleuven.be&noUDP&sock=startd_2181_9025>
...
006 (2178.000.000) 2023-03-10 15:57:32 Image size of job updated: 17500
	0  -  MemoryUsage of job (MB)
	0  -  ResidentSetSize of job (KB)
...
006 (2178.000.000) 2023-03-11 12:00:55 Image size of job updated: 17500
	1  -  MemoryUsage of job (MB)
	8  -  ResidentSetSize of job (KB)
...
005 (2178.000.000) 2023-03-11 12:00:55 Job terminated.
	(0) Abnormal termination (signal 2)
	(0) No core file
		Usr 0 00:00:00, Sys 0 00:00:00  -  Run Remote Usage
		Usr 0 00:00:00, Sys 0 00:00:00  -  Run Local Usage
		Usr 0 00:00:00, Sys 0 00:00:00  -  Total Remote Usage
		Usr 0 00:00:00, Sys 0 00:00:00  -  Total Local Usage
	0  -  Run Bytes Sent By Job
	0  -  Run Bytes Received By Job
	0  -  Total Bytes Sent By Job
	0  -  Total Bytes Received By Job
	Partitionable Resources :    Usage  Request Allocated Assigned
	   Cpus                 :     1.09        4         4 
	   Disk (KB)            : 17500     1048576   1972331 
	   Gpus (Average)       :     0.00        1         1 "CUDA2"
	   GpusMemory (MB)      :   321                       
	   Memory (MB)          :     1        8192      8192 

	Job terminated of its own accord at 2023-03-11T11:00:55Z with signal 2.
...
000 (3087.000.000) 2023-03-11 12:32:15 Job submitted from host: <10.87.24.180:9618?addrs=10.87.24.180-9618&alias=amager.esat.kuleuven.be&noUDP&sock=schedd_2716_8750>
...
001 (3087.000.000) 2023-03-11 12:32:35 Job executing on host: <10.87.24.139:9618?addrs=10.87.24.139-9618&alias=fig.esat.kuleuven.be&noUDP&sock=startd_2195_2a78>
...
006 (3087.000.000) 2023-03-11 12:32:44 Image size of job updated: 17500
	0  -  MemoryUsage of job (MB)
	0  -  ResidentSetSize of job (KB)
...
006 (3087.000.000) 2023-03-11 12:37:00 Image size of job updated: 17500
	1  -  MemoryUsage of job (MB)
	8  -  ResidentSetSize of job (KB)
...
005 (3087.000.000) 2023-03-11 12:37:00 Job terminated.
	(1) Normal termination (return value 1)
		Usr 0 00:00:00, Sys 0 00:00:00  -  Run Remote Usage
		Usr 0 00:00:00, Sys 0 00:00:00  -  Run Local Usage
		Usr 0 00:00:00, Sys 0 00:00:00  -  Total Remote Usage
		Usr 0 00:00:00, Sys 0 00:00:00  -  Total Local Usage
	0  -  Run Bytes Sent By Job
	0  -  Run Bytes Received By Job
	0  -  Total Bytes Sent By Job
	0  -  Total Bytes Received By Job
	Partitionable Resources :    Usage  Request Allocated Assigned
	   Cpus                 :     1.01        4         4 
	   Disk (KB)            : 17500     1048576   3301386 
	   Gpus (Average)       :     0           1         1 "CUDA2"
	   GpusMemory (MB)      :   321                       
	   Memory (MB)          :     1        8192      8192 

	Job terminated of its own accord at 2023-03-11T11:37:00Z with exit-code 1.
...
000 (3088.000.000) 2023-03-11 12:42:09 Job submitted from host: <10.87.24.180:9618?addrs=10.87.24.180-9618&alias=amager.esat.kuleuven.be&noUDP&sock=schedd_2716_8750>
...
001 (3088.000.000) 2023-03-11 12:42:25 Job executing on host: <10.87.24.139:9618?addrs=10.87.24.139-9618&alias=fig.esat.kuleuven.be&noUDP&sock=startd_2195_2a78>
...
006 (3088.000.000) 2023-03-11 12:42:33 Image size of job updated: 17500
	0  -  MemoryUsage of job (MB)
	0  -  ResidentSetSize of job (KB)
...
006 (3088.000.000) 2023-03-11 12:44:37 Image size of job updated: 17500
	1  -  MemoryUsage of job (MB)
	8  -  ResidentSetSize of job (KB)
...
005 (3088.000.000) 2023-03-11 12:44:37 Job terminated.
	(1) Normal termination (return value 1)
		Usr 0 00:00:00, Sys 0 00:00:00  -  Run Remote Usage
		Usr 0 00:00:00, Sys 0 00:00:00  -  Run Local Usage
		Usr 0 00:00:00, Sys 0 00:00:00  -  Total Remote Usage
		Usr 0 00:00:00, Sys 0 00:00:00  -  Total Local Usage
	0  -  Run Bytes Sent By Job
	0  -  Run Bytes Received By Job
	0  -  Total Bytes Sent By Job
	0  -  Total Bytes Received By Job
	Partitionable Resources :    Usage  Request Allocated Assigned
	   Cpus                 :                 4         4 
	   Disk (KB)            :    17500  1048576   3301386 
	   Gpus (Average)       :                 1         1 "CUDA2"
	   Memory (MB)          :        1     8192      8192 

	Job terminated of its own accord at 2023-03-11T11:44:37Z with exit-code 1.
...
000 (3089.000.000) 2023-03-11 13:23:34 Job submitted from host: <10.87.24.180:9618?addrs=10.87.24.180-9618&alias=amager.esat.kuleuven.be&noUDP&sock=schedd_2716_8750>
...
001 (3089.000.000) 2023-03-11 13:23:47 Job executing on host: <10.87.24.125:9618?addrs=10.87.24.125-9618&alias=diamond.esat.kuleuven.be&noUDP&sock=startd_2878_a5a7>
...
006 (3089.000.000) 2023-03-11 13:23:55 Image size of job updated: 6976488
	1  -  MemoryUsage of job (MB)
	156  -  ResidentSetSize of job (KB)
...
006 (3089.000.000) 2023-03-12 08:43:58 Image size of job updated: 6976488
	1  -  MemoryUsage of job (MB)
	160  -  ResidentSetSize of job (KB)
...
005 (3089.000.000) 2023-03-12 08:43:58 Job terminated.
	(1) Normal termination (return value 0)
		Usr 0 00:00:33, Sys 0 00:00:11  -  Run Remote Usage
		Usr 0 00:00:00, Sys 0 00:00:00  -  Run Local Usage
		Usr 0 00:00:33, Sys 0 00:00:11  -  Total Remote Usage
		Usr 0 00:00:00, Sys 0 00:00:00  -  Total Local Usage
	0  -  Run Bytes Sent By Job
	0  -  Run Bytes Received By Job
	0  -  Total Bytes Sent By Job
	0  -  Total Bytes Received By Job
	Partitionable Resources :        Usage  Request Allocated Assigned
	   Cpus                 :         1.00        4         4 
	   Disk (KB)            :     17500     1048576   2330315 
	   Gpus (Average)       : 175957131.84        1         1 "CUDA0"
	   GpusMemory (MB)      :     23918                       
	   Memory (MB)          :         1        8192      8192 

	Job terminated of its own accord at 2023-03-12T07:43:58Z with exit-code 0.
...
000 (2179.000.000) 2023-03-12 16:05:24 Job submitted from host: <10.87.24.181:9618?addrs=10.87.24.181-9618&alias=bornholm.esat.kuleuven.be&noUDP&sock=schedd_2713_7887>
...
001 (2179.000.000) 2023-03-12 16:05:25 Job executing on host: <10.87.24.125:9618?addrs=10.87.24.125-9618&alias=diamond.esat.kuleuven.be&noUDP&sock=startd_2878_a5a7>
...
006 (2179.000.000) 2023-03-12 16:05:34 Image size of job updated: 6976488
	1  -  MemoryUsage of job (MB)
	156  -  ResidentSetSize of job (KB)
...
022 (2179.000.000) 2023-03-12 18:02:17 Job disconnected, attempting to reconnect
    Local schedd and job shadow died, schedd now running again
    Trying to reconnect to slot1@diamond.esat.kuleuven.be <10.87.24.125:9618?addrs=10.87.24.125-9618&alias=diamond.esat.kuleuven.be&noUDP&sock=startd_2878_a5a7>
...
023 (2179.000.000) 2023-03-12 18:02:17 Job reconnected to slot1@diamond.esat.kuleuven.be
    startd address: <10.87.24.125:9618?addrs=10.87.24.125-9618&alias=diamond.esat.kuleuven.be&noUDP&sock=startd_2878_a5a7>
    starter address: <10.87.24.125:9618?addrs=10.87.24.125-9618&alias=diamond.esat.kuleuven.be&noUDP&sock=slot1_1_2888_9b6f_8842>
...
004 (2179.000.000) 2023-03-13 11:56:44 Job was evicted.
	(0) CPU times
		Usr 0 00:00:33, Sys 0 00:00:11  -  Run Remote Usage
		Usr 0 00:00:00, Sys 0 00:00:00  -  Run Local Usage
	0  -  Run Bytes Sent By Job
	0  -  Run Bytes Received By Job
	Partitionable Resources :    Usage  Request Allocated 
	   Cpus                 :     1.08        4         4 
	   Disk (KB)            : 17500     1048576   2330315 
	   Memory (MB)          :     1       16384     16384 
...
009 (2179.000.000) 2023-03-13 11:56:44 Job was aborted.
	via condor_rm (by user r0879687)
...
000 (2220.000.000) 2023-03-13 12:02:45 Job submitted from host: <10.87.24.181:9618?addrs=10.87.24.181-9618&alias=bornholm.esat.kuleuven.be&noUDP&sock=schedd_2705_fbc5>
...
001 (2220.000.000) 2023-03-13 12:02:46 Job executing on host: <10.87.24.125:9618?addrs=10.87.24.125-9618&alias=diamond.esat.kuleuven.be&noUDP&sock=startd_2878_a5a7>
...
006 (2220.000.000) 2023-03-13 12:02:55 Image size of job updated: 6976488
	1  -  MemoryUsage of job (MB)
	156  -  ResidentSetSize of job (KB)
...
006 (2220.000.000) 2023-03-13 12:45:50 Image size of job updated: 6976488
	1  -  MemoryUsage of job (MB)
	160  -  ResidentSetSize of job (KB)
...
005 (2220.000.000) 2023-03-13 12:45:50 Job terminated.
	(1) Normal termination (return value 1)
		Usr 0 00:00:33, Sys 0 00:00:11  -  Run Remote Usage
		Usr 0 00:00:00, Sys 0 00:00:00  -  Run Local Usage
		Usr 0 00:00:33, Sys 0 00:00:11  -  Total Remote Usage
		Usr 0 00:00:00, Sys 0 00:00:00  -  Total Local Usage
	0  -  Run Bytes Sent By Job
	0  -  Run Bytes Received By Job
	0  -  Total Bytes Sent By Job
	0  -  Total Bytes Received By Job
	Partitionable Resources :        Usage  Request Allocated Assigned
	   Cpus                 :         1.10        4         4 
	   Disk (KB)            :     17500     1048576   2330315 
	   Gpus (Average)       : 150624357.48        1         1 "CUDA0"
	   GpusMemory (MB)      :     12972                       
	   Memory (MB)          :         1       16384     16384 

	Job terminated of its own accord at 2023-03-13T11:45:50Z with exit-code 1.
...
000 (2221.000.000) 2023-03-13 12:48:05 Job submitted from host: <10.87.24.181:9618?addrs=10.87.24.181-9618&alias=bornholm.esat.kuleuven.be&noUDP&sock=schedd_2705_fbc5>
...
001 (2221.000.000) 2023-03-13 12:48:07 Job executing on host: <10.87.24.125:9618?addrs=10.87.24.125-9618&alias=diamond.esat.kuleuven.be&noUDP&sock=startd_2878_a5a7>
...
006 (2221.000.000) 2023-03-13 12:48:16 Image size of job updated: 6976488
	1  -  MemoryUsage of job (MB)
	156  -  ResidentSetSize of job (KB)
...
006 (2221.000.000) 2023-03-13 12:48:50 Image size of job updated: 6976488
	1  -  MemoryUsage of job (MB)
	160  -  ResidentSetSize of job (KB)
...
004 (2221.000.000) 2023-03-13 12:48:50 Job was evicted.
	(0) CPU times
		Usr 0 00:00:33, Sys 0 00:00:11  -  Run Remote Usage
		Usr 0 00:00:00, Sys 0 00:00:00  -  Run Local Usage
	0  -  Run Bytes Sent By Job
	0  -  Run Bytes Received By Job
	Partitionable Resources :    Usage  Request Allocated Assigned
	   Cpus                 :                 4         4 
	   Disk (KB)            :    17500  1048576   2330315 
	   Gpus (Average)       :                 1         1 "CUDA0"
	   Memory (MB)          :        1    16384     16384 
...
009 (2221.000.000) 2023-03-13 12:48:50 Job was aborted.
	via condor_rm (by user r0879687)
...
000 (2222.000.000) 2023-03-13 12:50:08 Job submitted from host: <10.87.24.181:9618?addrs=10.87.24.181-9618&alias=bornholm.esat.kuleuven.be&noUDP&sock=schedd_2705_fbc5>
...
001 (2222.000.000) 2023-03-13 12:51:28 Job executing on host: <10.87.24.140:9618?addrs=10.87.24.140-9618&alias=hawberry.esat.kuleuven.be&noUDP&sock=startd_2181_9025>
...
006 (2222.000.000) 2023-03-13 12:51:37 Image size of job updated: 17500
	0  -  MemoryUsage of job (MB)
	0  -  ResidentSetSize of job (KB)
...
006 (2222.000.000) 2023-03-13 12:53:04 Image size of job updated: 17500
	1  -  MemoryUsage of job (MB)
	8  -  ResidentSetSize of job (KB)
...
005 (2222.000.000) 2023-03-13 12:53:04 Job terminated.
	(1) Normal termination (return value 1)
		Usr 0 00:00:00, Sys 0 00:00:00  -  Run Remote Usage
		Usr 0 00:00:00, Sys 0 00:00:00  -  Run Local Usage
		Usr 0 00:00:00, Sys 0 00:00:00  -  Total Remote Usage
		Usr 0 00:00:00, Sys 0 00:00:00  -  Total Local Usage
	0  -  Run Bytes Sent By Job
	0  -  Run Bytes Received By Job
	0  -  Total Bytes Sent By Job
	0  -  Total Bytes Received By Job
	Partitionable Resources :    Usage  Request Allocated Assigned
	   Cpus                 :                 4         4 
	   Disk (KB)            :    17500  1048576   1972331 
	   Gpus (Average)       :                 1         1 "CUDA1"
	   Memory (MB)          :        1    16384     16384 

	Job terminated of its own accord at 2023-03-13T11:53:04Z with exit-code 1.
...
000 (2223.000.000) 2023-03-13 12:58:14 Job submitted from host: <10.87.24.181:9618?addrs=10.87.24.181-9618&alias=bornholm.esat.kuleuven.be&noUDP&sock=schedd_2705_fbc5>
...
001 (2223.000.000) 2023-03-13 12:58:16 Job executing on host: <10.87.24.125:9618?addrs=10.87.24.125-9618&alias=diamond.esat.kuleuven.be&noUDP&sock=startd_2878_a5a7>
...
006 (2223.000.000) 2023-03-13 12:58:24 Image size of job updated: 6976488
	1  -  MemoryUsage of job (MB)
	156  -  ResidentSetSize of job (KB)
...
001 (2223.000.000) 2023-03-14 18:07:00 Job executing on host: <10.87.24.209:9618?addrs=10.87.24.209-9618&alias=kita.esat.kuleuven.be&noUDP&sock=startd_5614_50c6>
...
005 (2223.000.000) 2023-03-15 05:27:33 Job terminated.
	(1) Normal termination (return value 0)
		Usr 0 00:00:00, Sys 0 00:00:00  -  Run Remote Usage
		Usr 0 00:00:00, Sys 0 00:00:00  -  Run Local Usage
		Usr 0 00:00:33, Sys 0 00:00:11  -  Total Remote Usage
		Usr 0 00:00:00, Sys 0 00:00:00  -  Total Local Usage
	0  -  Run Bytes Sent By Job
	0  -  Run Bytes Received By Job
	0  -  Total Bytes Sent By Job
	0  -  Total Bytes Received By Job
	Partitionable Resources :        Usage  Request Allocated Assigned
	   Cpus                 :         1.00        4         4 
	   Disk (KB)            :     17500     1048576   5070115 
	   Gpus (Average)       : 138478690.26        1         1 "CUDA0"
	   GpusMemory (MB)      :     12714                       
	   Memory (MB)          :         1       16384     16384 

	Job terminated of its own accord at 2023-03-15T04:27:33Z with exit-code 0.
...
