2023-03-06 00:42:54,026 maskrcnn_benchmark INFO: Using 1 GPUs
2023-03-06 00:42:54,026 maskrcnn_benchmark INFO: Namespace(config_file='configs/e2e_relation_X_101_32_8_FPN_1x_energy.yaml', local_rank=0, skip_test=False, opts=[], slurm_id=None, distributed=False)
2023-03-06 00:42:54,027 maskrcnn_benchmark INFO: Collecting env info (might take some time)
2023-03-06 00:42:56,412 maskrcnn_benchmark INFO: 
PyTorch version: 1.13.0+cu117
Is debug build: False
CUDA used to build PyTorch: 11.7
ROCM used to build PyTorch: N/A

OS: Fedora Linux 37 (Thirty Seven) (x86_64)
GCC version: (GCC) 12.2.1 20221121 (Red Hat 12.2.1-4)
Clang version: 15.0.7 (Fedora 15.0.7-1.fc37)
CMake version: version 3.26.0-rc4
Libc version: glibc-2.36

Python version: 3.10.8 (main, Nov 24 2022, 14:13:03) [GCC 11.2.0] (64-bit runtime)
Python platform: Linux-6.1.11-200.fc37.x86_64-x86_64-with-glibc2.36
Is CUDA available: True
CUDA runtime version: Could not collect
CUDA_MODULE_LOADING set to: LAZY
GPU models and configuration: 
GPU 0: Tesla P100-PCIE-16GB
GPU 1: Tesla P100-PCIE-16GB
GPU 2: Tesla P100-PCIE-16GB
GPU 3: Tesla P100-PCIE-16GB
GPU 4: Tesla P100-PCIE-16GB
GPU 5: Tesla P100-PCIE-16GB
GPU 6: Tesla P100-PCIE-16GB
GPU 7: Tesla P100-PCIE-16GB

Nvidia driver version: 525.89.02
cuDNN version: Could not collect
HIP runtime version: N/A
MIOpen runtime version: N/A
Is XNNPACK available: True

Versions of relevant libraries:
[pip3] numpy==1.23.5
[pip3] torch==1.13.0
[pip3] torch-scatter==2.1.0
[pip3] torchaudio==0.13.0
[pip3] torchvision==0.14.0
[conda] Could not collect
        Pillow (9.3.0)
2023-03-06 00:42:56,413 maskrcnn_benchmark INFO: Loaded configuration file configs/e2e_relation_X_101_32_8_FPN_1x_energy.yaml
2023-03-06 00:42:56,414 maskrcnn_benchmark INFO: 
INPUT:
  MIN_SIZE_TRAIN: (600,)
  MAX_SIZE_TRAIN: 1000
  MIN_SIZE_TEST: 600
  MAX_SIZE_TEST: 1000
MODEL:
  META_ARCHITECTURE: "GeneralizedRCNN"
  WEIGHT: "catalog://ImageNetPretrained/FAIR/20171220/X-101-32x8d"
  PRETRAINED_DETECTOR_CKPT: "/users/students/r0879687/amager/vg/pretrained-detector/pretrained_faster_rcnn/model_final.pth"
  BACKBONE:
    CONV_BODY: "R-101-FPN" # VGG-16
  RESNETS:
    BACKBONE_OUT_CHANNELS: 256
    STRIDE_IN_1X1: False
    NUM_GROUPS: 32
    WIDTH_PER_GROUP: 8
  BASE_ONLY: False           # When training energy model set this to false.
  RELATION_ON: True
  ATTRIBUTE_ON: False
  FLIP_AUG: False            # if there is any left-right relation, FLIP AUG should be false
  RPN:
    USE_FPN: True
    ANCHOR_SIZES: (32, 64, 128, 256, 512)
    ANCHOR_STRIDE: (4, 8, 16, 32, 64)
    ASPECT_RATIOS: (0.23232838, 0.63365731, 1.28478321, 3.15089189)   # from neural-motifs
    PRE_NMS_TOP_N_TRAIN: 6000
    PRE_NMS_TOP_N_TEST: 6000
    POST_NMS_TOP_N_TRAIN: 1000
    POST_NMS_TOP_N_TEST: 1000
    FPN_POST_NMS_TOP_N_TRAIN: 1000
    FPN_POST_NMS_TOP_N_TEST: 1000
    FPN_POST_NMS_PER_BATCH: False
    RPN_MID_CHANNEL: 256
  ROI_HEADS:
    USE_FPN: True
    POSITIVE_FRACTION: 0.5
    BG_IOU_THRESHOLD: 0.3
    BATCH_SIZE_PER_IMAGE: 256
    DETECTIONS_PER_IMG: 80
    NMS_FILTER_DUPLICATES: True
  ROI_BOX_HEAD:
    POOLER_RESOLUTION: 7
    POOLER_SCALES: (0.25, 0.125, 0.0625, 0.03125)
    POOLER_SAMPLING_RATIO: 2
    FEATURE_EXTRACTOR: "FPN2MLPFeatureExtractor"
    PREDICTOR: "FPNPredictor"
    NUM_CLASSES: 151                # 151 for VG, 1201 for GQA
    MLP_HEAD_DIM: 4096
  ROI_ATTRIBUTE_HEAD:
    FEATURE_EXTRACTOR: "FPN2MLPFeatureExtractor"
    PREDICTOR: "FPNPredictor"
    USE_BINARY_LOSS: True           # choose binary, because cross_entropy loss deteriorate the box head, even with 0.1 weight
    POS_WEIGHT: 50.0
    ATTRIBUTE_LOSS_WEIGHT: 1.0
    NUM_ATTRIBUTES: 201             # 201 for VG, 501 for GQA
    MAX_ATTRIBUTES: 10             
    ATTRIBUTE_BGFG_SAMPLE: True    
    ATTRIBUTE_BGFG_RATIO: 3        
  ROI_RELATION_HEAD:
    USE_GT_BOX: True
    USE_GT_OBJECT_LABEL: True
    REQUIRE_BOX_OVERLAP: False              # for sgdet, during training, only train pairs with overlap
    ADD_GTBOX_TO_PROPOSAL_IN_TRAIN: True    # for sgdet only, in case some gt boxes are missing
    NUM_CLASSES: 51                 # 51 for VG, 201 for GQA (not contain "to the left of" & "to the right of")
    BATCH_SIZE_PER_IMAGE: 1024      # sample as much as possible
    POSITIVE_FRACTION: 0.25
    CONTEXT_POOLING_DIM: 4096
    CONTEXT_HIDDEN_DIM: 512         #1024 for VCTree
    POOLING_ALL_LEVELS: True
    LABEL_SMOOTHING_LOSS: False
    FEATURE_EXTRACTOR: "RelationFeatureExtractor"
    #################### Select Relationship Model ####################
    PREDICTOR: "MotifPredictor"
    #PREDICTOR: "VCTreePredictor"
    #PREDICTOR: "TransformerPredictor"
    #PREDICTOR: "CausalAnalysisPredictor"
    ################# Parameters for Motif Predictor ##################
    CONTEXT_OBJ_LAYER: 1
    CONTEXT_REL_LAYER: 1
    ############# Parameters for Causal Unbias Predictor ##############
    ### Implementation for paper "Unbiased Scene Graph Generation from Biased Training"
    CAUSAL:
      EFFECT_TYPE: 'none'             # candicates: 'TDE', 'NIE', 'TE', 'none'
      FUSION_TYPE: 'sum'              # candicates: 'sum', 'gate'         
      SEPARATE_SPATIAL: False         # separate spatial in union feature
      CONTEXT_LAYER: "motifs"         # candicates: motifs, vctree, vtranse
      SPATIAL_FOR_VISION: True
      EFFECT_ANALYSIS: True
    ############### Parameters for Transformer Predictor ##############
    TRANSFORMER:
      DROPOUT_RATE: 0.1
      OBJ_LAYER: 4
      REL_LAYER: 2
      NUM_HEAD: 8
      KEY_DIM: 64
      VAL_DIM: 64
      INNER_DIM: 2048
    ############### Parameters for Energy Model ##############
    EBM:
      OBJ_EMBED_DIM: 384
      REL_EMBED_DIM: 384
      OBJ_LABEL_EMBED_DIM: 384
      REL_LABEL_EMBED_DIM: 384
      POOLING_DIM: 384
DATASETS:
  TRAIN: ("VG_stanford_filtered_with_attribute_train",)
  VAL: ("VG_stanford_filtered_with_attribute_val",)
  TEST: ("VG_stanford_filtered_with_attribute_test",)
DATALOADER:
  SIZE_DIVISIBILITY: 32
SOLVER:
  PRE_VAL: False
  IMS_PER_BATCH: 1
  BIAS_LR_FACTOR: 1
  BASE_LR: 0.0025
  WARMUP_FACTOR: 0.1
  WEIGHT_DECAY: 0.0001
  MOMENTUM: 0.9
  GRAD_NORM_CLIP: 5.0
  STEPS: [0, 30000, 40000 ]
  MAX_ITER: 60000
  VAL_PERIOD: 2000
  CHECKPOINT_PERIOD: 2000
  PRINT_GRAD_FREQ: 4000
  SCHEDULE:
    # the following paramters are only used for WarmupReduceLROnPlateau
    TYPE: "WarmupReduceLROnPlateau"    # WarmupMultiStepLR, WarmupReduceLROnPlateau
    #TYPE: "WarmupMultiStepLR"
    PATIENCE: 2
    THRESHOLD: 0.001
    COOLDOWN: 0
    FACTOR: 0.05   #0.1
    MAX_DECAY_STEP: 3

OUTPUT_DIR: '/users/students/r0879687/amager/vg/output/relation_baseline_predcls_energy_bs4'
#OUTPUT_DIR: '/users/students/r0879687/amager/vg/output/relation_baseline_sggcls_energy_bs4'
#OUTPUT_DIR: '/users/students/r0879687/amager/vg/output/relation_baseline_sggdet_energy_bs2'

TEST:
  IMS_PER_BATCH: 1
  ALLOW_LOAD_FROM_CACHE: False
  RELATION:
    SYNC_GATHER: False      # turn on will slow down the evaluation to solve the sgdet test out of memory problem
    REQUIRE_OVERLAP: False
    LATER_NMS_PREDICTION_THRES: 0.5

  # Equival schedules with...
  # 1 GPU:
  #   BASE_LR: 0.0025
  #   MAX_ITER: 60000
  #   STEPS: [0, 30000, 40000]
  # 2 GPUs:
  #   BASE_LR: 0.005
  #   MAX_ITER: 30000
  #   STEPS: [0, 15000, 20000]
  # 4 GPUs:
  #   BASE_LR: 0.01
  #   MAX_ITER: 15000
  #   STEPS: [0, 7500, 10000]
  # 8 GPUs:
  #   BASE_LR: 0.02
  #   MAX_ITER: 7500
  #   STEPS: [0, 3750, 5000]

2023-03-06 00:42:56,416 maskrcnn_benchmark INFO: Running with config:
AMP_VERBOSE: False
DATALOADER:
  ASPECT_RATIO_GROUPING: True
  NUM_WORKERS: 4
  SIZE_DIVISIBILITY: 32
DATASETS:
  NUM_OBJ_CLASSES: 151
  NUM_REL_CLASSES: 51
  TEST: ('VG_stanford_filtered_with_attribute_test',)
  TRAIN: ('VG_stanford_filtered_with_attribute_train',)
  VAL: ('VG_stanford_filtered_with_attribute_val',)
DTYPE: float32
ENERGY_MODEL:
  DATA_NOISE_VAR: 0.0001
  L2COEFF: 1
  LOSS: ContrastiveDivergence
  META_ARCHITECTURE: GraphEnergyModel
  TEMP: 1
  TRAINIG_MODE: joint
GLOVE_DIR: /users/students/r0879687/amager/vg/glove
INPUT:
  BRIGHTNESS: 0.0
  CONTRAST: 0.0
  FLIP_PROB_TRAIN: 0
  HUE: 0.0
  MAX_SIZE_TEST: 1000
  MAX_SIZE_TRAIN: 1000
  MIN_SIZE_TEST: 600
  MIN_SIZE_TRAIN: (600,)
  PIXEL_MEAN: [102.9801, 115.9465, 122.7717]
  PIXEL_STD: [1.0, 1.0, 1.0]
  SATURATION: 0.0
  TO_BGR255: True
  VERTICAL_FLIP_PROB_TRAIN: 0.0
MODEL:
  ATTRIBUTE_ON: False
  BACKBONE:
    CONV_BODY: R-101-FPN
    FREEZE_CONV_BODY_AT: 2
  BASE_ONLY: False
  CLS_AGNOSTIC_BBOX_REG: False
  DEVICE: cuda
  DEV_RUN: False
  FBNET:
    ARCH: default
    ARCH_DEF: 
    BN_TYPE: bn
    DET_HEAD_BLOCKS: []
    DET_HEAD_LAST_SCALE: 1.0
    DET_HEAD_STRIDE: 0
    DW_CONV_SKIP_BN: True
    DW_CONV_SKIP_RELU: True
    KPTS_HEAD_BLOCKS: []
    KPTS_HEAD_LAST_SCALE: 0.0
    KPTS_HEAD_STRIDE: 0
    MASK_HEAD_BLOCKS: []
    MASK_HEAD_LAST_SCALE: 0.0
    MASK_HEAD_STRIDE: 0
    RPN_BN_TYPE: 
    RPN_HEAD_BLOCKS: 0
    SCALE_FACTOR: 1.0
    WIDTH_DIVISOR: 1
  FLIP_AUG: False
  FPN:
    USE_GN: False
    USE_RELU: False
  GROUP_NORM:
    DIM_PER_GP: -1
    EPSILON: 1e-05
    NUM_GROUPS: 32
  KEYPOINT_ON: False
  MASK_ON: False
  META_ARCHITECTURE: GeneralizedRCNN
  PRETRAINED_DETECTOR_CKPT: /users/students/r0879687/amager/vg/pretrained-detector/pretrained_faster_rcnn/model_final.pth
  RELATION_ON: True
  RESNETS:
    BACKBONE_OUT_CHANNELS: 256
    DEFORMABLE_GROUPS: 1
    NUM_GROUPS: 32
    RES2_OUT_CHANNELS: 256
    RES5_DILATION: 1
    STAGE_WITH_DCN: (False, False, False, False)
    STEM_FUNC: StemWithFixedBatchNorm
    STEM_OUT_CHANNELS: 64
    STRIDE_IN_1X1: False
    TRANS_FUNC: BottleneckWithFixedBatchNorm
    WIDTH_PER_GROUP: 8
    WITH_MODULATED_DCN: False
  RETINANET:
    ANCHOR_SIZES: (32, 64, 128, 256, 512)
    ANCHOR_STRIDES: (8, 16, 32, 64, 128)
    ASPECT_RATIOS: (0.5, 1.0, 2.0)
    BBOX_REG_BETA: 0.11
    BBOX_REG_WEIGHT: 4.0
    BG_IOU_THRESHOLD: 0.4
    FG_IOU_THRESHOLD: 0.5
    INFERENCE_TH: 0.05
    LOSS_ALPHA: 0.25
    LOSS_GAMMA: 2.0
    NMS_TH: 0.4
    NUM_CLASSES: 81
    NUM_CONVS: 4
    OCTAVE: 2.0
    PRE_NMS_TOP_N: 1000
    PRIOR_PROB: 0.01
    SCALES_PER_OCTAVE: 3
    STRADDLE_THRESH: 0
    USE_C5: True
  RETINANET_ON: False
  ROI_ATTRIBUTE_HEAD:
    ATTRIBUTE_BGFG_RATIO: 3
    ATTRIBUTE_BGFG_SAMPLE: True
    ATTRIBUTE_LOSS_WEIGHT: 1.0
    FEATURE_EXTRACTOR: FPN2MLPFeatureExtractor
    MAX_ATTRIBUTES: 10
    NUM_ATTRIBUTES: 201
    POS_WEIGHT: 50.0
    PREDICTOR: FPNPredictor
    SHARE_BOX_FEATURE_EXTRACTOR: True
    USE_BINARY_LOSS: True
  ROI_BOX_HEAD:
    CONV_HEAD_DIM: 256
    DILATION: 1
    FEATURE_EXTRACTOR: FPN2MLPFeatureExtractor
    MLP_HEAD_DIM: 4096
    NUM_CLASSES: 151
    NUM_STACKED_CONVS: 4
    POOLER_RESOLUTION: 7
    POOLER_SAMPLING_RATIO: 2
    POOLER_SCALES: (0.25, 0.125, 0.0625, 0.03125)
    PREDICTOR: FPNPredictor
    USE_GN: False
  ROI_HEADS:
    BATCH_SIZE_PER_IMAGE: 256
    BBOX_REG_WEIGHTS: (10.0, 10.0, 5.0, 5.0)
    BG_IOU_THRESHOLD: 0.3
    DETECTIONS_PER_IMG: 80
    FG_IOU_THRESHOLD: 0.5
    NMS: 0.3
    NMS_FILTER_DUPLICATES: True
    POSITIVE_FRACTION: 0.5
    POST_NMS_PER_CLS_TOPN: 300
    SCORE_THRESH: 0.01
    USE_FPN: True
  ROI_KEYPOINT_HEAD:
    CONV_LAYERS: (512, 512, 512, 512, 512, 512, 512, 512)
    FEATURE_EXTRACTOR: KeypointRCNNFeatureExtractor
    MLP_HEAD_DIM: 1024
    NUM_CLASSES: 17
    POOLER_RESOLUTION: 14
    POOLER_SAMPLING_RATIO: 0
    POOLER_SCALES: (0.0625,)
    PREDICTOR: KeypointRCNNPredictor
    RESOLUTION: 14
    SHARE_BOX_FEATURE_EXTRACTOR: True
  ROI_MASK_HEAD:
    CONV_LAYERS: (256, 256, 256, 256)
    DILATION: 1
    FEATURE_EXTRACTOR: ResNet50Conv5ROIFeatureExtractor
    MLP_HEAD_DIM: 1024
    POOLER_RESOLUTION: 14
    POOLER_SAMPLING_RATIO: 0
    POOLER_SCALES: (0.0625,)
    POSTPROCESS_MASKS: False
    POSTPROCESS_MASKS_THRESHOLD: 0.5
    PREDICTOR: MaskRCNNC4Predictor
    RESOLUTION: 14
    SHARE_BOX_FEATURE_EXTRACTOR: True
    USE_GN: False
  ROI_RELATION_HEAD:
    ADD_GTBOX_TO_PROPOSAL_IN_TRAIN: True
    BATCH_SIZE_PER_IMAGE: 1024
    CAUSAL:
      CONTEXT_LAYER: motifs
      EFFECT_ANALYSIS: True
      EFFECT_TYPE: none
      FUSION_TYPE: sum
      SEPARATE_SPATIAL: False
      SPATIAL_FOR_VISION: True
    CONTEXT_DROPOUT_RATE: 0.2
    CONTEXT_HIDDEN_DIM: 512
    CONTEXT_OBJ_LAYER: 1
    CONTEXT_POOLING_DIM: 4096
    CONTEXT_REL_LAYER: 1
    EBM:
      OBJ_EMBED_DIM: 384
      OBJ_LABEL_EMBED_DIM: 384
      POOLING_DIM: 384
      REL_EMBED_DIM: 384
      REL_LABEL_EMBED_DIM: 384
    EMBED_DIM: 200
    FEATURE_EXTRACTOR: RelationFeatureExtractor
    LABEL_SMOOTHING_LOSS: False
    NUM_CLASSES: 51
    NUM_SAMPLE_PER_GT_REL: 4
    POOLING_ALL_LEVELS: True
    POSITIVE_FRACTION: 0.25
    PREDICTOR: MotifPredictor
    PREDICT_USE_BIAS: True
    PREDICT_USE_VISION: True
    REL_PROP: [0.01858, 0.00057, 0.00051, 0.00109, 0.0015, 0.00489, 0.00432, 0.02913, 0.00245, 0.00121, 0.00404, 0.0011, 0.00132, 0.00172, 5e-05, 0.00242, 0.0005, 0.00048, 0.00208, 0.15608, 0.0265, 0.06091, 0.009, 0.00183, 0.00225, 0.0009, 0.00028, 0.00077, 0.04844, 0.08645, 0.31621, 0.00088, 0.00301, 0.00042, 0.00186, 0.001, 0.00027, 0.01012, 0.0001, 0.01286, 0.00647, 0.00084, 0.01077, 0.00132, 0.00069, 0.00376, 0.00214, 0.11424, 0.01205, 0.02958]
    REQUIRE_BOX_OVERLAP: False
    TRANSFORMER:
      DROPOUT_RATE: 0.1
      INNER_DIM: 2048
      KEY_DIM: 64
      NUM_HEAD: 8
      OBJ_LAYER: 4
      REL_LAYER: 2
      VAL_DIM: 64
    USE_GT_BOX: True
    USE_GT_OBJECT_LABEL: True
  RPN:
    ANCHOR_SIZES: (32, 64, 128, 256, 512)
    ANCHOR_STRIDE: (4, 8, 16, 32, 64)
    ASPECT_RATIOS: (0.23232838, 0.63365731, 1.28478321, 3.15089189)
    BATCH_SIZE_PER_IMAGE: 256
    BG_IOU_THRESHOLD: 0.3
    FG_IOU_THRESHOLD: 0.7
    FPN_POST_NMS_PER_BATCH: False
    FPN_POST_NMS_TOP_N_TEST: 1000
    FPN_POST_NMS_TOP_N_TRAIN: 1000
    MIN_SIZE: 0
    NMS_THRESH: 0.7
    POSITIVE_FRACTION: 0.5
    POST_NMS_TOP_N_TEST: 1000
    POST_NMS_TOP_N_TRAIN: 1000
    PRE_NMS_TOP_N_TEST: 6000
    PRE_NMS_TOP_N_TRAIN: 6000
    RPN_HEAD: SingleConvRPNHead
    RPN_MID_CHANNEL: 256
    STRADDLE_THRESH: 0
    USE_FPN: True
  RPN_ONLY: False
  VGG:
    VGG16_OUT_CHANNELS: 512
  WEIGHT: catalog://ImageNetPretrained/FAIR/20171220/X-101-32x8d
OUTPUT_DIR: /users/students/r0879687/amager/vg/output/relation_baseline_predcls_energy_bs4
PATHS_CATALOG: /users/students/r0879687/Documents/Master_thesis/ebm/energy-based-scene-graph/maskrcnn_benchmark/config/paths_catalog.py
PATHS_DATA: /users/students/r0879687/amager/vg/VG_100K
SAMPLER:
  GRAD_CLIP: 0.01
  ITERS: 10
  LR: 0.1
  NAME: SGLD
  VAR: 0.001
SOLVER:
  BASE_LR: 0.0025
  BIAS_LR_FACTOR: 1
  CHECKPOINT_PERIOD: 2000
  CLIP_NORM: 5.0
  GAMMA: 0.1
  GRAD_NORM_CLIP: 5.0
  IMS_PER_BATCH: 1
  MAX_ITER: 60000
  MOMENTUM: 0.9
  PRE_VAL: False
  PRINT_GRAD_FREQ: 4000
  SCHEDULE:
    COOLDOWN: 0
    FACTOR: 0.05
    MAX_DECAY_STEP: 3
    PATIENCE: 2
    THRESHOLD: 0.001
    TYPE: WarmupReduceLROnPlateau
  STEPS: (0, 30000, 40000)
  TO_VAL: True
  UPDATE_SCHEDULE_DURING_LOAD: False
  VAL_PERIOD: 2000
  WARMUP_FACTOR: 0.1
  WARMUP_ITERS: 500
  WARMUP_METHOD: linear
  WEIGHT_DECAY: 0.0001
  WEIGHT_DECAY_BIAS: 0.0
TEST:
  ALLOW_LOAD_FROM_CACHE: False
  BBOX_AUG:
    ENABLED: False
    H_FLIP: False
    MAX_SIZE: 4000
    SCALES: ()
    SCALE_H_FLIP: False
  DETECTIONS_PER_IMG: 100
  EXPECTED_RESULTS: []
  EXPECTED_RESULTS_SIGMA_TOL: 4
  IMS_PER_BATCH: 1
  RELATION:
    IOU_THRESHOLD: 0.5
    LATER_NMS_PREDICTION_THRES: 0.5
    MULTIPLE_PREDS: False
    REQUIRE_OVERLAP: False
    SYNC_GATHER: False
  SAVE_PROPOSALS: False
WANDB:
  MUTE: False
2023-03-06 00:42:56,416 maskrcnn_benchmark INFO: Saving config into: /users/students/r0879687/amager/vg/output/relation_baseline_predcls_energy_bs4/config.yml
2023-03-06 00:42:56,512 maskrcnn_benchmark INFO: #################### prepare training ####################
2023-03-06 00:42:56,516 maskrcnn_benchmark.modeling.detector.generalized_rcnn INFO: #################### Building Backbone ####################
2023-03-06 00:42:58,393 maskrcnn_benchmark.modeling.detector.generalized_rcnn INFO: #################### Building RPN ####################
2023-03-06 00:42:58,406 maskrcnn_benchmark.modeling.detector.generalized_rcnn INFO: #################### Building ROI Heads ####################
2023-03-06 00:43:02,202 maskrcnn_benchmark.data.build INFO: ----------------------------------------------------------------------------------------------------
2023-03-06 00:43:02,217 maskrcnn_benchmark.data.build INFO: get dataset statistics...
2023-03-06 00:43:02,220 maskrcnn_benchmark.data.build INFO: Loading data statistics from: /users/students/r0879687/amager/vg/output/relation_baseline_predcls_energy_bs4/VG_stanford_filtered_with_attribute_train_statistics.cache
2023-03-06 00:43:02,221 maskrcnn_benchmark.data.build INFO: ----------------------------------------------------------------------------------------------------
loading word vectors from /users/students/r0879687/amager/vg/glove/glove.6B.200d.pt
__background__ -> __background__ 
fail on __background__
loading word vectors from /users/students/r0879687/amager/vg/glove/glove.6B.200d.pt
__background__ -> __background__ 
fail on __background__
2023-03-06 00:44:16,315 maskrcnn_benchmark INFO: #################### end base model construction ####################
2023-03-06 00:44:17,911 maskrcnn_benchmark INFO: #################### End energy Model Constructin ####################
2023-03-06 00:44:54,895 maskrcnn_benchmark INFO: #################### end optimizer and scheduler ####################
2023-03-06 00:44:54,899 maskrcnn_benchmark INFO: #################### end distributed ####################
2023-03-06 00:44:54,904 maskrcnn_benchmark.utils.checkpoint INFO: Loading checkpoint from /users/students/r0879687/amager/vg/pretrained-detector/pretrained_faster_rcnn/model_final.pth
2023-03-06 00:45:58,785 maskrcnn_benchmark.utils.model_serialization INFO: MAPPING roi_heads.relation.box_feature_extractor.fc6.bias in current model to roi_heads.box.feature_extractor.fc6.bias in loaded model.
2023-03-06 00:45:58,791 maskrcnn_benchmark.utils.model_serialization INFO: MAPPING roi_heads.relation.box_feature_extractor.fc6.weight in current model to roi_heads.box.feature_extractor.fc6.weight in loaded model.
2023-03-06 00:45:58,791 maskrcnn_benchmark.utils.model_serialization INFO: MAPPING roi_heads.relation.box_feature_extractor.fc7.bias in current model to roi_heads.box.feature_extractor.fc7.bias in loaded model.
2023-03-06 00:45:58,791 maskrcnn_benchmark.utils.model_serialization INFO: MAPPING roi_heads.relation.box_feature_extractor.fc7.weight in current model to roi_heads.box.feature_extractor.fc7.weight in loaded model.
2023-03-06 00:45:58,792 maskrcnn_benchmark.utils.model_serialization INFO: MAPPING roi_heads.relation.union_feature_extractor.feature_extractor.fc6.bias in current model to roi_heads.box.feature_extractor.fc6.bias in loaded model.
2023-03-06 00:45:58,792 maskrcnn_benchmark.utils.model_serialization INFO: MAPPING roi_heads.relation.union_feature_extractor.feature_extractor.fc6.weight in current model to roi_heads.box.feature_extractor.fc6.weight in loaded model.
2023-03-06 00:45:58,792 maskrcnn_benchmark.utils.model_serialization INFO: MAPPING roi_heads.relation.union_feature_extractor.feature_extractor.fc7.bias in current model to roi_heads.box.feature_extractor.fc7.bias in loaded model.
2023-03-06 00:45:58,793 maskrcnn_benchmark.utils.model_serialization INFO: MAPPING roi_heads.relation.union_feature_extractor.feature_extractor.fc7.weight in current model to roi_heads.box.feature_extractor.fc7.weight in loaded model.
2023-03-06 00:45:58,793 maskrcnn_benchmark.utils.model_serialization INFO: MAPPING roi_heads.relation.union_feature_extractor.feature_extractor.pooler.reduce_channel.0.bias in current model to roi_heads.box.feature_extractor.pooler.reduce_channel.0.bias in loaded model.
2023-03-06 00:45:58,793 maskrcnn_benchmark.utils.model_serialization INFO: MAPPING roi_heads.relation.union_feature_extractor.feature_extractor.pooler.reduce_channel.0.weight in current model to roi_heads.box.feature_extractor.pooler.reduce_channel.0.weight in loaded model.
2023-03-06 00:46:00,640 maskrcnn_benchmark.utils.model_serialization INFO: REMATCHING! roi_heads.relation.box_feature_extractor.fc6.bias                                           loaded from roi_heads.box.feature_extractor.fc6.bias         of shape (4096,)
2023-03-06 00:46:00,641 maskrcnn_benchmark.utils.model_serialization INFO: REMATCHING! roi_heads.relation.box_feature_extractor.fc6.weight                                         loaded from roi_heads.box.feature_extractor.fc6.weight       of shape (4096, 12544)
2023-03-06 00:46:00,641 maskrcnn_benchmark.utils.model_serialization INFO: REMATCHING! roi_heads.relation.box_feature_extractor.fc7.bias                                           loaded from roi_heads.box.feature_extractor.fc7.bias         of shape (4096,)
2023-03-06 00:46:00,641 maskrcnn_benchmark.utils.model_serialization INFO: REMATCHING! roi_heads.relation.box_feature_extractor.fc7.weight                                         loaded from roi_heads.box.feature_extractor.fc7.weight       of shape (4096, 4096)
2023-03-06 00:46:00,642 maskrcnn_benchmark.utils.model_serialization INFO: NO-MATCHING of current module: roi_heads.relation.predictor.context_layer.decoder_rnn.input_linearity.bias of shape (3072,)
2023-03-06 00:46:00,642 maskrcnn_benchmark.utils.model_serialization INFO: NO-MATCHING of current module: roi_heads.relation.predictor.context_layer.decoder_rnn.input_linearity.weight of shape (3072, 5136)
2023-03-06 00:46:00,643 maskrcnn_benchmark.utils.model_serialization INFO: NO-MATCHING of current module: roi_heads.relation.predictor.context_layer.decoder_rnn.obj_embed.weight of shape (152, 200)
2023-03-06 00:46:00,643 maskrcnn_benchmark.utils.model_serialization INFO: NO-MATCHING of current module: roi_heads.relation.predictor.context_layer.decoder_rnn.out_obj.bias of shape (151,)
2023-03-06 00:46:00,643 maskrcnn_benchmark.utils.model_serialization INFO: NO-MATCHING of current module: roi_heads.relation.predictor.context_layer.decoder_rnn.out_obj.weight of shape (151, 512)
2023-03-06 00:46:00,643 maskrcnn_benchmark.utils.model_serialization INFO: NO-MATCHING of current module: roi_heads.relation.predictor.context_layer.decoder_rnn.state_linearity.bias of shape (2560,)
2023-03-06 00:46:00,644 maskrcnn_benchmark.utils.model_serialization INFO: NO-MATCHING of current module: roi_heads.relation.predictor.context_layer.decoder_rnn.state_linearity.weight of shape (2560, 512)
2023-03-06 00:46:00,644 maskrcnn_benchmark.utils.model_serialization INFO: NO-MATCHING of current module: roi_heads.relation.predictor.context_layer.edge_ctx_rnn.bias_hh_l0 of shape (2048,)
2023-03-06 00:46:00,644 maskrcnn_benchmark.utils.model_serialization INFO: NO-MATCHING of current module: roi_heads.relation.predictor.context_layer.edge_ctx_rnn.bias_hh_l0_reverse of shape (2048,)
2023-03-06 00:46:00,644 maskrcnn_benchmark.utils.model_serialization INFO: NO-MATCHING of current module: roi_heads.relation.predictor.context_layer.edge_ctx_rnn.bias_ih_l0 of shape (2048,)
2023-03-06 00:46:00,645 maskrcnn_benchmark.utils.model_serialization INFO: NO-MATCHING of current module: roi_heads.relation.predictor.context_layer.edge_ctx_rnn.bias_ih_l0_reverse of shape (2048,)
2023-03-06 00:46:00,645 maskrcnn_benchmark.utils.model_serialization INFO: NO-MATCHING of current module: roi_heads.relation.predictor.context_layer.edge_ctx_rnn.weight_hh_l0 of shape (2048, 512)
2023-03-06 00:46:00,645 maskrcnn_benchmark.utils.model_serialization INFO: NO-MATCHING of current module: roi_heads.relation.predictor.context_layer.edge_ctx_rnn.weight_hh_l0_reverse of shape (2048, 512)
2023-03-06 00:46:00,645 maskrcnn_benchmark.utils.model_serialization INFO: NO-MATCHING of current module: roi_heads.relation.predictor.context_layer.edge_ctx_rnn.weight_ih_l0 of shape (2048, 4808)
2023-03-06 00:46:00,646 maskrcnn_benchmark.utils.model_serialization INFO: NO-MATCHING of current module: roi_heads.relation.predictor.context_layer.edge_ctx_rnn.weight_ih_l0_reverse of shape (2048, 4808)
2023-03-06 00:46:00,646 maskrcnn_benchmark.utils.model_serialization INFO: NO-MATCHING of current module: roi_heads.relation.predictor.context_layer.lin_edge_h.bias of shape (512,)
2023-03-06 00:46:00,646 maskrcnn_benchmark.utils.model_serialization INFO: NO-MATCHING of current module: roi_heads.relation.predictor.context_layer.lin_edge_h.weight of shape (512, 1024)
2023-03-06 00:46:00,646 maskrcnn_benchmark.utils.model_serialization INFO: NO-MATCHING of current module: roi_heads.relation.predictor.context_layer.lin_obj_h.bias of shape (512,)
2023-03-06 00:46:00,647 maskrcnn_benchmark.utils.model_serialization INFO: NO-MATCHING of current module: roi_heads.relation.predictor.context_layer.lin_obj_h.weight of shape (512, 1024)
2023-03-06 00:46:00,647 maskrcnn_benchmark.utils.model_serialization INFO: NO-MATCHING of current module: roi_heads.relation.predictor.context_layer.obj_ctx_rnn.bias_hh_l0 of shape (2048,)
2023-03-06 00:46:00,647 maskrcnn_benchmark.utils.model_serialization INFO: NO-MATCHING of current module: roi_heads.relation.predictor.context_layer.obj_ctx_rnn.bias_hh_l0_reverse of shape (2048,)
2023-03-06 00:46:00,647 maskrcnn_benchmark.utils.model_serialization INFO: NO-MATCHING of current module: roi_heads.relation.predictor.context_layer.obj_ctx_rnn.bias_ih_l0 of shape (2048,)
2023-03-06 00:46:00,647 maskrcnn_benchmark.utils.model_serialization INFO: NO-MATCHING of current module: roi_heads.relation.predictor.context_layer.obj_ctx_rnn.bias_ih_l0_reverse of shape (2048,)
2023-03-06 00:46:00,648 maskrcnn_benchmark.utils.model_serialization INFO: NO-MATCHING of current module: roi_heads.relation.predictor.context_layer.obj_ctx_rnn.weight_hh_l0 of shape (2048, 512)
2023-03-06 00:46:00,648 maskrcnn_benchmark.utils.model_serialization INFO: NO-MATCHING of current module: roi_heads.relation.predictor.context_layer.obj_ctx_rnn.weight_hh_l0_reverse of shape (2048, 512)
2023-03-06 00:46:00,648 maskrcnn_benchmark.utils.model_serialization INFO: NO-MATCHING of current module: roi_heads.relation.predictor.context_layer.obj_ctx_rnn.weight_ih_l0 of shape (2048, 4424)
2023-03-06 00:46:00,648 maskrcnn_benchmark.utils.model_serialization INFO: NO-MATCHING of current module: roi_heads.relation.predictor.context_layer.obj_ctx_rnn.weight_ih_l0_reverse of shape (2048, 4424)
2023-03-06 00:46:00,649 maskrcnn_benchmark.utils.model_serialization INFO: NO-MATCHING of current module: roi_heads.relation.predictor.context_layer.obj_embed1.weight of shape (151, 200)
2023-03-06 00:46:00,649 maskrcnn_benchmark.utils.model_serialization INFO: NO-MATCHING of current module: roi_heads.relation.predictor.context_layer.obj_embed2.weight of shape (151, 200)
2023-03-06 00:46:00,649 maskrcnn_benchmark.utils.model_serialization INFO: NO-MATCHING of current module: roi_heads.relation.predictor.context_layer.pos_embed.0.bias of shape (32,)
2023-03-06 00:46:00,649 maskrcnn_benchmark.utils.model_serialization INFO: NO-MATCHING of current module: roi_heads.relation.predictor.context_layer.pos_embed.0.weight of shape (32, 9)
2023-03-06 00:46:00,650 maskrcnn_benchmark.utils.model_serialization INFO: NO-MATCHING of current module: roi_heads.relation.predictor.context_layer.pos_embed.1.bias of shape (32,)
2023-03-06 00:46:00,650 maskrcnn_benchmark.utils.model_serialization INFO: NO-MATCHING of current module: roi_heads.relation.predictor.context_layer.pos_embed.1.num_batches_tracked of shape ()
2023-03-06 00:46:00,650 maskrcnn_benchmark.utils.model_serialization INFO: NO-MATCHING of current module: roi_heads.relation.predictor.context_layer.pos_embed.1.running_mean of shape (32,)
2023-03-06 00:46:00,650 maskrcnn_benchmark.utils.model_serialization INFO: NO-MATCHING of current module: roi_heads.relation.predictor.context_layer.pos_embed.1.running_var of shape (32,)
2023-03-06 00:46:00,651 maskrcnn_benchmark.utils.model_serialization INFO: NO-MATCHING of current module: roi_heads.relation.predictor.context_layer.pos_embed.1.weight of shape (32,)
2023-03-06 00:46:00,651 maskrcnn_benchmark.utils.model_serialization INFO: NO-MATCHING of current module: roi_heads.relation.predictor.context_layer.pos_embed.2.bias of shape (128,)
2023-03-06 00:46:00,651 maskrcnn_benchmark.utils.model_serialization INFO: NO-MATCHING of current module: roi_heads.relation.predictor.context_layer.pos_embed.2.weight of shape (128, 32)
2023-03-06 00:46:00,651 maskrcnn_benchmark.utils.model_serialization INFO: NO-MATCHING of current module: roi_heads.relation.predictor.context_layer.untreated_dcd_feat of shape (4936,)
2023-03-06 00:46:00,652 maskrcnn_benchmark.utils.model_serialization INFO: NO-MATCHING of current module: roi_heads.relation.predictor.context_layer.untreated_edg_feat of shape (4296,)
2023-03-06 00:46:00,652 maskrcnn_benchmark.utils.model_serialization INFO: NO-MATCHING of current module: roi_heads.relation.predictor.context_layer.untreated_obj_feat of shape (4424,)
2023-03-06 00:46:00,652 maskrcnn_benchmark.utils.model_serialization INFO: NO-MATCHING of current module: roi_heads.relation.predictor.freq_bias.obj_baseline.weight of shape (22801, 51)
2023-03-06 00:46:00,652 maskrcnn_benchmark.utils.model_serialization INFO: NO-MATCHING of current module: roi_heads.relation.predictor.post_cat.bias of shape (4096,)
2023-03-06 00:46:00,653 maskrcnn_benchmark.utils.model_serialization INFO: NO-MATCHING of current module: roi_heads.relation.predictor.post_cat.weight of shape (4096, 1024)
2023-03-06 00:46:00,653 maskrcnn_benchmark.utils.model_serialization INFO: NO-MATCHING of current module: roi_heads.relation.predictor.post_emb.bias of shape (1024,)
2023-03-06 00:46:00,653 maskrcnn_benchmark.utils.model_serialization INFO: NO-MATCHING of current module: roi_heads.relation.predictor.post_emb.weight of shape (1024, 512)
2023-03-06 00:46:00,653 maskrcnn_benchmark.utils.model_serialization INFO: NO-MATCHING of current module: roi_heads.relation.predictor.rel_compress.bias of shape (51,)
2023-03-06 00:46:00,654 maskrcnn_benchmark.utils.model_serialization INFO: NO-MATCHING of current module: roi_heads.relation.predictor.rel_compress.weight of shape (51, 4096)
2023-03-06 00:46:00,654 maskrcnn_benchmark.utils.model_serialization INFO: REMATCHING! roi_heads.relation.union_feature_extractor.feature_extractor.fc6.bias                       loaded from roi_heads.box.feature_extractor.fc6.bias         of shape (4096,)
2023-03-06 00:46:00,654 maskrcnn_benchmark.utils.model_serialization INFO: REMATCHING! roi_heads.relation.union_feature_extractor.feature_extractor.fc6.weight                     loaded from roi_heads.box.feature_extractor.fc6.weight       of shape (4096, 12544)
2023-03-06 00:46:00,654 maskrcnn_benchmark.utils.model_serialization INFO: REMATCHING! roi_heads.relation.union_feature_extractor.feature_extractor.fc7.bias                       loaded from roi_heads.box.feature_extractor.fc7.bias         of shape (4096,)
2023-03-06 00:46:00,655 maskrcnn_benchmark.utils.model_serialization INFO: REMATCHING! roi_heads.relation.union_feature_extractor.feature_extractor.fc7.weight                     loaded from roi_heads.box.feature_extractor.fc7.weight       of shape (4096, 4096)
2023-03-06 00:46:00,655 maskrcnn_benchmark.utils.model_serialization INFO: NO-MATCHING of current module: roi_heads.relation.union_feature_extractor.feature_extractor.pooler.reduce_channel.0.bias of shape (256,)
2023-03-06 00:46:00,655 maskrcnn_benchmark.utils.model_serialization INFO: NO-MATCHING of current module: roi_heads.relation.union_feature_extractor.feature_extractor.pooler.reduce_channel.0.weight of shape (256, 1024, 3, 3)
2023-03-06 00:46:00,655 maskrcnn_benchmark.utils.model_serialization INFO: NO-MATCHING of current module: roi_heads.relation.union_feature_extractor.rect_conv.0.bias of shape (128,)
2023-03-06 00:46:00,656 maskrcnn_benchmark.utils.model_serialization INFO: NO-MATCHING of current module: roi_heads.relation.union_feature_extractor.rect_conv.0.weight of shape (128, 2, 7, 7)
2023-03-06 00:46:00,656 maskrcnn_benchmark.utils.model_serialization INFO: NO-MATCHING of current module: roi_heads.relation.union_feature_extractor.rect_conv.2.bias of shape (128,)
2023-03-06 00:46:00,656 maskrcnn_benchmark.utils.model_serialization INFO: NO-MATCHING of current module: roi_heads.relation.union_feature_extractor.rect_conv.2.num_batches_tracked of shape ()
2023-03-06 00:46:00,656 maskrcnn_benchmark.utils.model_serialization INFO: NO-MATCHING of current module: roi_heads.relation.union_feature_extractor.rect_conv.2.running_mean of shape (128,)
2023-03-06 00:46:00,657 maskrcnn_benchmark.utils.model_serialization INFO: NO-MATCHING of current module: roi_heads.relation.union_feature_extractor.rect_conv.2.running_var of shape (128,)
2023-03-06 00:46:00,657 maskrcnn_benchmark.utils.model_serialization INFO: NO-MATCHING of current module: roi_heads.relation.union_feature_extractor.rect_conv.2.weight of shape (128,)
2023-03-06 00:46:00,657 maskrcnn_benchmark.utils.model_serialization INFO: NO-MATCHING of current module: roi_heads.relation.union_feature_extractor.rect_conv.4.bias of shape (256,)
2023-03-06 00:46:00,657 maskrcnn_benchmark.utils.model_serialization INFO: NO-MATCHING of current module: roi_heads.relation.union_feature_extractor.rect_conv.4.weight of shape (256, 128, 3, 3)
2023-03-06 00:46:00,658 maskrcnn_benchmark.utils.model_serialization INFO: NO-MATCHING of current module: roi_heads.relation.union_feature_extractor.rect_conv.6.bias of shape (256,)
2023-03-06 00:46:00,658 maskrcnn_benchmark.utils.model_serialization INFO: NO-MATCHING of current module: roi_heads.relation.union_feature_extractor.rect_conv.6.num_batches_tracked of shape ()
2023-03-06 00:46:00,658 maskrcnn_benchmark.utils.model_serialization INFO: NO-MATCHING of current module: roi_heads.relation.union_feature_extractor.rect_conv.6.running_mean of shape (256,)
2023-03-06 00:46:00,658 maskrcnn_benchmark.utils.model_serialization INFO: NO-MATCHING of current module: roi_heads.relation.union_feature_extractor.rect_conv.6.running_var of shape (256,)
2023-03-06 00:46:00,659 maskrcnn_benchmark.utils.model_serialization INFO: NO-MATCHING of current module: roi_heads.relation.union_feature_extractor.rect_conv.6.weight of shape (256,)
2023-03-06 00:46:04,242 maskrcnn_benchmark INFO: #################### end load checkpointer ####################
2023-03-06 00:48:05,333 maskrcnn_benchmark.utils.miscellaneous INFO: Saving labels mapping into /users/students/r0879687/amager/vg/output/relation_baseline_predcls_energy_bs4/labels.json
2023-03-06 00:48:33,370 maskrcnn_benchmark INFO: #################### end dataloader ####################
2023-03-06 00:48:33,371 maskrcnn_benchmark INFO: Start training
2023-03-06 00:49:36,723 maskrcnn_benchmark INFO: ---Total norm 1.40451 clip coef 3.55996-----------------
2023-03-06 00:49:36,737 maskrcnn_benchmark INFO: energy.0.weight                                   : 0.69096, (torch.Size([384, 768]))
2023-03-06 00:49:36,738 maskrcnn_benchmark INFO: sg_pooler.poolingLayer.0.weight                   : 0.61744, (torch.Size([384, 768]))
2023-03-06 00:49:36,738 maskrcnn_benchmark INFO: obj_emdedding.weight                              : 0.60687, (torch.Size([384, 4096]))
2023-03-06 00:49:36,738 maskrcnn_benchmark INFO: energy.2.weight                                   : 0.42231, (torch.Size([1, 384]))
2023-03-06 00:49:36,739 maskrcnn_benchmark INFO: energy.0.bias                                     : 0.34261, (torch.Size([384]))
2023-03-06 00:49:36,739 maskrcnn_benchmark INFO: sg_layer.edge_gate.weight_hh                      : 0.33547, (torch.Size([1152, 384]))
2023-03-06 00:49:36,739 maskrcnn_benchmark INFO: energy.2.bias                                     : 0.24017, (torch.Size([1]))
2023-03-06 00:49:36,739 maskrcnn_benchmark INFO: sg_pooler.hgate_edge.0.weight                     : 0.22536, (torch.Size([1, 384]))
2023-03-06 00:49:36,739 maskrcnn_benchmark INFO: im_pooler.hgate_node.0.weight                     : 0.20670, (torch.Size([1, 384]))
2023-03-06 00:49:36,740 maskrcnn_benchmark INFO: rel_label_embedding.weight                        : 0.17925, (torch.Size([384, 51]))
2023-03-06 00:49:36,740 maskrcnn_benchmark INFO: sg_pooler.hgate_edge.0.bias                       : 0.15718, (torch.Size([1]))
2023-03-06 00:49:36,740 maskrcnn_benchmark INFO: sg_pooler.poolingLayer.0.bias                     : 0.14049, (torch.Size([384]))
2023-03-06 00:49:36,740 maskrcnn_benchmark INFO: im_layer.node_gate.weight_hh                      : 0.13674, (torch.Size([1152, 384]))
2023-03-06 00:49:36,740 maskrcnn_benchmark INFO: im_pooler.poolingLayer.0.bias                     : 0.13641, (torch.Size([384]))
2023-03-06 00:49:36,741 maskrcnn_benchmark INFO: im_pooler.hgate_node.0.bias                       : 0.11429, (torch.Size([1]))
2023-03-06 00:49:36,741 maskrcnn_benchmark INFO: sg_layer.edge_gate.weight_ih                      : 0.09383, (torch.Size([1152, 384]))
2023-03-06 00:49:36,741 maskrcnn_benchmark INFO: im_pooler.poolingLayer.0.weight                   : 0.09065, (torch.Size([384, 384]))
2023-03-06 00:49:36,741 maskrcnn_benchmark INFO: sg_layer.node2edge_kernel.2.bias                  : 0.06979, (torch.Size([384]))
2023-03-06 00:49:36,741 maskrcnn_benchmark INFO: sg_layer.node_gate.weight_ih                      : 0.06779, (torch.Size([1152, 384]))
2023-03-06 00:49:36,742 maskrcnn_benchmark INFO: im_layer.node_gate.bias_ih                        : 0.06130, (torch.Size([1152]))
2023-03-06 00:49:36,742 maskrcnn_benchmark INFO: sg_layer.edge2node_kernel.2.weight                : 0.05941, (torch.Size([384, 384]))
2023-03-06 00:49:36,742 maskrcnn_benchmark INFO: sg_pooler.hgate_node.0.weight                     : 0.05827, (torch.Size([1, 384]))
2023-03-06 00:49:36,742 maskrcnn_benchmark INFO: sg_layer.node2edge_kernel.0.weight                : 0.05629, (torch.Size([384, 768, 1, 1]))
2023-03-06 00:49:36,743 maskrcnn_benchmark INFO: sg_layer.node2edge_kernel.2.weight                : 0.05466, (torch.Size([384, 384, 1, 1]))
2023-03-06 00:49:36,743 maskrcnn_benchmark INFO: sg_layer.edge2node_kernel.0.weight                : 0.05460, (torch.Size([384, 384]))
2023-03-06 00:49:36,743 maskrcnn_benchmark INFO: im_layer.node_gate.weight_ih                      : 0.04155, (torch.Size([1152, 384]))
2023-03-06 00:49:36,743 maskrcnn_benchmark INFO: im_layer.node_kernel.0.weight                     : 0.03794, (torch.Size([384, 384]))
2023-03-06 00:49:36,743 maskrcnn_benchmark INFO: rel_label_embedding.bias                          : 0.03786, (torch.Size([384]))
2023-03-06 00:49:36,744 maskrcnn_benchmark INFO: im_layer.node_kernel.2.weight                     : 0.03736, (torch.Size([384, 384]))
2023-03-06 00:49:36,744 maskrcnn_benchmark INFO: sg_layer.node_gate.bias_ih                        : 0.03418, (torch.Size([1152]))
2023-03-06 00:49:36,744 maskrcnn_benchmark INFO: im_layer.node_gate.bias_hh                        : 0.03115, (torch.Size([1152]))
2023-03-06 00:49:36,744 maskrcnn_benchmark INFO: im_layer.node_kernel.2.bias                       : 0.03081, (torch.Size([384]))
2023-03-06 00:49:36,744 maskrcnn_benchmark INFO: sg_pooler.hgate_node.0.bias                       : 0.03071, (torch.Size([1]))
2023-03-06 00:49:36,745 maskrcnn_benchmark INFO: obj_label_embedding.weight                        : 0.02715, (torch.Size([384, 279]))
2023-03-06 00:49:36,745 maskrcnn_benchmark INFO: sg_layer.node_gate.weight_hh                      : 0.02593, (torch.Size([1152, 384]))
2023-03-06 00:49:36,745 maskrcnn_benchmark INFO: sg_layer.node2edge_kernel.0.bias                  : 0.02466, (torch.Size([384]))
2023-03-06 00:49:36,745 maskrcnn_benchmark INFO: sg_layer.node_gate.bias_hh                        : 0.01707, (torch.Size([1152]))
2023-03-06 00:49:36,745 maskrcnn_benchmark INFO: im_layer.node_kernel.0.bias                       : 0.01480, (torch.Size([384]))
2023-03-06 00:49:36,746 maskrcnn_benchmark INFO: obj_emdedding.bias                                : 0.01234, (torch.Size([384]))
2023-03-06 00:49:36,746 maskrcnn_benchmark INFO: obj_label_embedding.bias                          : 0.00845, (torch.Size([384]))
2023-03-06 00:49:36,746 maskrcnn_benchmark INFO: sg_layer.edge2node_kernel.2.bias                  : 0.00704, (torch.Size([384]))
2023-03-06 00:49:36,746 maskrcnn_benchmark INFO: sg_layer.node2node_kernel.2.bias                  : 0.00702, (torch.Size([384]))
2023-03-06 00:49:36,747 maskrcnn_benchmark INFO: pos_embed.2.weight                                : 0.00623, (torch.Size([128, 32]))
2023-03-06 00:49:36,747 maskrcnn_benchmark INFO: sg_layer.node2node_kernel.2.weight                : 0.00479, (torch.Size([384, 384]))
2023-03-06 00:49:36,747 maskrcnn_benchmark INFO: pos_embed.0.weight                                : 0.00395, (torch.Size([32, 9]))
2023-03-06 00:49:36,747 maskrcnn_benchmark INFO: sg_layer.node2node_kernel.0.weight                : 0.00359, (torch.Size([384, 384]))
2023-03-06 00:49:36,747 maskrcnn_benchmark INFO: sg_layer.node2node_kernel.0.bias                  : 0.00275, (torch.Size([384]))
2023-03-06 00:49:36,747 maskrcnn_benchmark INFO: sg_layer.edge2node_kernel.0.bias                  : 0.00256, (torch.Size([384]))
2023-03-06 00:49:36,748 maskrcnn_benchmark INFO: pos_embed.2.bias                                  : 0.00176, (torch.Size([128]))
2023-03-06 00:49:36,748 maskrcnn_benchmark INFO: pos_embed.1.bias                                  : 0.00093, (torch.Size([32]))
2023-03-06 00:49:36,748 maskrcnn_benchmark INFO: pos_embed.1.weight                                : 0.00047, (torch.Size([32]))
2023-03-06 00:49:36,748 maskrcnn_benchmark INFO: pos_embed.0.bias                                  : 0.00000, (torch.Size([32]))
2023-03-06 00:49:36,748 maskrcnn_benchmark INFO: -------------------------------
2023-03-06 00:49:36,767 maskrcnn_benchmark INFO: ---Total norm nan clip coef nan-----------------
2023-03-06 00:49:36,781 maskrcnn_benchmark INFO: roi_heads.relation.union_feature_extractor.feature_extractor.pooler.reduce_channel.0.weight: nan, (torch.Size([256, 1024, 3, 3]))
2023-03-06 00:49:36,782 maskrcnn_benchmark INFO: roi_heads.relation.box_feature_extractor.fc6.weight: 55971.60938, (torch.Size([4096, 12544]))
2023-03-06 00:49:36,782 maskrcnn_benchmark INFO: roi_heads.relation.box_feature_extractor.fc7.weight: 49299.44141, (torch.Size([4096, 4096]))
2023-03-06 00:49:36,782 maskrcnn_benchmark INFO: roi_heads.relation.union_feature_extractor.feature_extractor.fc6.weight: 16266.08105, (torch.Size([4096, 12544]))
2023-03-06 00:49:36,783 maskrcnn_benchmark INFO: roi_heads.relation.union_feature_extractor.feature_extractor.fc7.weight: 11976.32422, (torch.Size([4096, 4096]))
2023-03-06 00:49:36,783 maskrcnn_benchmark INFO: roi_heads.relation.predictor.post_cat.weight      : 6327.70508, (torch.Size([4096, 1024]))
2023-03-06 00:49:36,783 maskrcnn_benchmark INFO: roi_heads.relation.predictor.context_layer.lin_edge_h.weight: 6064.51758, (torch.Size([512, 1024]))
2023-03-06 00:49:36,784 maskrcnn_benchmark INFO: roi_heads.relation.predictor.rel_compress.weight  : 5709.23975, (torch.Size([51, 4096]))
2023-03-06 00:49:36,784 maskrcnn_benchmark INFO: roi_heads.relation.predictor.context_layer.edge_ctx_rnn.weight_ih_l0_reverse: 4360.38232, (torch.Size([2048, 4808]))
2023-03-06 00:49:36,784 maskrcnn_benchmark INFO: roi_heads.relation.predictor.context_layer.edge_ctx_rnn.weight_ih_l0: 3851.86060, (torch.Size([2048, 4808]))
2023-03-06 00:49:36,785 maskrcnn_benchmark INFO: roi_heads.relation.predictor.context_layer.lin_edge_h.bias: 663.99237, (torch.Size([512]))
2023-03-06 00:49:36,785 maskrcnn_benchmark INFO: roi_heads.relation.predictor.context_layer.lin_obj_h.weight: 574.31158, (torch.Size([512, 1024]))
2023-03-06 00:49:36,785 maskrcnn_benchmark INFO: roi_heads.relation.predictor.context_layer.edge_ctx_rnn.weight_hh_l0_reverse: 541.37250, (torch.Size([2048, 512]))
2023-03-06 00:49:36,786 maskrcnn_benchmark INFO: roi_heads.relation.predictor.context_layer.edge_ctx_rnn.weight_hh_l0: 480.76944, (torch.Size([2048, 512]))
2023-03-06 00:49:36,786 maskrcnn_benchmark INFO: roi_heads.relation.predictor.context_layer.obj_ctx_rnn.weight_ih_l0_reverse: 433.60342, (torch.Size([2048, 4424]))
2023-03-06 00:49:36,786 maskrcnn_benchmark INFO: roi_heads.relation.predictor.context_layer.obj_ctx_rnn.weight_ih_l0: 360.43143, (torch.Size([2048, 4424]))
2023-03-06 00:49:36,787 maskrcnn_benchmark INFO: roi_heads.relation.predictor.post_emb.weight      : 269.80832, (torch.Size([1024, 512]))
2023-03-06 00:49:36,787 maskrcnn_benchmark INFO: roi_heads.relation.box_feature_extractor.fc7.bias : 118.10942, (torch.Size([4096]))
2023-03-06 00:49:36,787 maskrcnn_benchmark INFO: roi_heads.relation.predictor.post_cat.bias        : 108.71133, (torch.Size([4096]))
2023-03-06 00:49:36,788 maskrcnn_benchmark INFO: roi_heads.relation.predictor.context_layer.edge_ctx_rnn.bias_ih_l0_reverse: 88.77711, (torch.Size([2048]))
2023-03-06 00:49:36,788 maskrcnn_benchmark INFO: roi_heads.relation.predictor.context_layer.edge_ctx_rnn.bias_hh_l0_reverse: 88.77711, (torch.Size([2048]))
2023-03-06 00:49:36,788 maskrcnn_benchmark INFO: roi_heads.relation.predictor.context_layer.edge_ctx_rnn.bias_ih_l0: 84.69994, (torch.Size([2048]))
2023-03-06 00:49:36,789 maskrcnn_benchmark INFO: roi_heads.relation.predictor.context_layer.edge_ctx_rnn.bias_hh_l0: 84.69994, (torch.Size([2048]))
2023-03-06 00:49:36,789 maskrcnn_benchmark INFO: roi_heads.relation.predictor.post_emb.bias        : 67.75463, (torch.Size([1024]))
2023-03-06 00:49:36,789 maskrcnn_benchmark INFO: roi_heads.relation.box_feature_extractor.fc6.bias : 67.06776, (torch.Size([4096]))
2023-03-06 00:49:36,789 maskrcnn_benchmark INFO: roi_heads.relation.predictor.context_layer.lin_obj_h.bias: 64.82254, (torch.Size([512]))
2023-03-06 00:49:36,790 maskrcnn_benchmark INFO: roi_heads.relation.predictor.context_layer.obj_ctx_rnn.weight_hh_l0_reverse: 52.65801, (torch.Size([2048, 512]))
2023-03-06 00:49:36,790 maskrcnn_benchmark INFO: roi_heads.relation.predictor.context_layer.obj_ctx_rnn.weight_hh_l0: 42.74354, (torch.Size([2048, 512]))
2023-03-06 00:49:36,790 maskrcnn_benchmark INFO: roi_heads.relation.predictor.context_layer.obj_embed2.weight: 27.99490, (torch.Size([151, 200]))
2023-03-06 00:49:36,791 maskrcnn_benchmark INFO: roi_heads.relation.predictor.context_layer.obj_ctx_rnn.bias_ih_l0_reverse: 8.81041, (torch.Size([2048]))
2023-03-06 00:49:36,791 maskrcnn_benchmark INFO: roi_heads.relation.predictor.context_layer.obj_ctx_rnn.bias_hh_l0_reverse: 8.81041, (torch.Size([2048]))
2023-03-06 00:49:36,791 maskrcnn_benchmark INFO: roi_heads.relation.predictor.context_layer.obj_ctx_rnn.bias_ih_l0: 7.76315, (torch.Size([2048]))
2023-03-06 00:49:36,792 maskrcnn_benchmark INFO: roi_heads.relation.predictor.context_layer.obj_ctx_rnn.bias_hh_l0: 7.76315, (torch.Size([2048]))
2023-03-06 00:49:36,792 maskrcnn_benchmark INFO: roi_heads.relation.predictor.context_layer.pos_embed.2.weight: 6.79239, (torch.Size([128, 32]))
2023-03-06 00:49:36,792 maskrcnn_benchmark INFO: roi_heads.relation.predictor.context_layer.pos_embed.0.weight: 4.76366, (torch.Size([32, 9]))
2023-03-06 00:49:36,793 maskrcnn_benchmark INFO: roi_heads.relation.union_feature_extractor.rect_conv.4.weight: 3.59048, (torch.Size([256, 128, 3, 3]))
2023-03-06 00:49:36,793 maskrcnn_benchmark INFO: roi_heads.relation.predictor.context_layer.obj_embed1.weight: 2.64880, (torch.Size([151, 200]))
2023-03-06 00:49:36,793 maskrcnn_benchmark INFO: roi_heads.relation.predictor.context_layer.pos_embed.2.bias: 1.70556, (torch.Size([128]))
2023-03-06 00:49:36,794 maskrcnn_benchmark INFO: roi_heads.relation.union_feature_extractor.rect_conv.0.weight: 1.17400, (torch.Size([128, 2, 7, 7]))
2023-03-06 00:49:36,794 maskrcnn_benchmark INFO: roi_heads.relation.predictor.context_layer.pos_embed.1.bias: 1.08529, (torch.Size([32]))
2023-03-06 00:49:36,794 maskrcnn_benchmark INFO: roi_heads.relation.predictor.context_layer.pos_embed.1.weight: 0.76094, (torch.Size([32]))
2023-03-06 00:49:36,794 maskrcnn_benchmark INFO: roi_heads.relation.predictor.rel_compress.bias    : 0.60000, (torch.Size([51]))
2023-03-06 00:49:36,795 maskrcnn_benchmark INFO: roi_heads.relation.union_feature_extractor.feature_extractor.fc7.bias: 0.30912, (torch.Size([4096]))
2023-03-06 00:49:36,795 maskrcnn_benchmark INFO: roi_heads.relation.union_feature_extractor.rect_conv.6.bias: 0.23464, (torch.Size([256]))
2023-03-06 00:49:36,795 maskrcnn_benchmark INFO: roi_heads.relation.union_feature_extractor.rect_conv.0.bias: 0.21296, (torch.Size([128]))
2023-03-06 00:49:36,796 maskrcnn_benchmark INFO: roi_heads.relation.predictor.freq_bias.obj_baseline.weight: 0.19467, (torch.Size([22801, 51]))
2023-03-06 00:49:36,796 maskrcnn_benchmark INFO: roi_heads.relation.union_feature_extractor.feature_extractor.fc6.bias: 0.15975, (torch.Size([4096]))
2023-03-06 00:49:36,796 maskrcnn_benchmark INFO: roi_heads.relation.union_feature_extractor.feature_extractor.pooler.reduce_channel.0.bias: 0.14722, (torch.Size([256]))
2023-03-06 00:49:36,797 maskrcnn_benchmark INFO: roi_heads.relation.union_feature_extractor.rect_conv.2.weight: 0.06097, (torch.Size([128]))
2023-03-06 00:49:36,797 maskrcnn_benchmark INFO: roi_heads.relation.union_feature_extractor.rect_conv.6.weight: 0.05934, (torch.Size([256]))
2023-03-06 00:49:36,797 maskrcnn_benchmark INFO: roi_heads.relation.union_feature_extractor.rect_conv.4.bias: 0.05313, (torch.Size([256]))
2023-03-06 00:49:36,798 maskrcnn_benchmark INFO: roi_heads.relation.union_feature_extractor.rect_conv.2.bias: 0.04574, (torch.Size([128]))
2023-03-06 00:49:36,798 maskrcnn_benchmark INFO: roi_heads.relation.predictor.context_layer.pos_embed.0.bias: 0.00000, (torch.Size([32]))
2023-03-06 00:49:36,798 maskrcnn_benchmark INFO: -------------------------------
2023-03-06 00:51:05,878 maskrcnn_benchmark INFO: eta: 12:38:22  iter: 200  loss: nan (nan)  loss_rel: nan (nan)  loss_refine_obj: 4.0286 (4.0286)  ML Loss (cd): nan (nan)  time: 0.4001 (0.7609)  data: 0.0056 (0.0236)  energy lr: 0.001146  base lr : 0.001146  max mem: 6418
2023-03-06 00:52:29,051 maskrcnn_benchmark INFO: eta: 9:45:15  iter: 400  loss: nan (nan)  loss_rel: nan (nan)  loss_refine_obj: 4.0286 (4.0286)  ML Loss (cd): nan (nan)  time: 0.3980 (0.5892)  data: 0.0056 (0.0155)  energy lr: 0.002046  base lr : 0.002046  max mem: 6418
2023-03-06 00:53:51,758 maskrcnn_benchmark INFO: eta: 8:45:19  iter: 600  loss: nan (nan)  loss_rel: nan (nan)  loss_refine_obj: 4.0286 (4.0286)  ML Loss (cd): nan (nan)  time: 0.3993 (0.5306)  data: 0.0057 (0.0122)  energy lr: 0.002500  base lr : 0.002500  max mem: 6418
2023-03-06 00:55:14,581 maskrcnn_benchmark INFO: eta: 8:14:49  iter: 800  loss: nan (nan)  loss_rel: nan (nan)  loss_refine_obj: 4.0286 (4.0286)  ML Loss (cd): nan (nan)  time: 0.3983 (0.5015)  data: 0.0059 (0.0106)  energy lr: 0.002500  base lr : 0.002500  max mem: 6418
2023-03-06 00:56:37,831 maskrcnn_benchmark INFO: eta: 7:56:23  iter: 1000  loss: nan (nan)  loss_rel: nan (nan)  loss_refine_obj: 4.0286 (4.0286)  ML Loss (cd): nan (nan)  time: 0.4052 (0.4845)  data: 0.0055 (0.0097)  energy lr: 0.002500  base lr : 0.002500  max mem: 6418
